18:32:27.069 INFO - Selenium build info: version: '3.8.1', revision: '6e95a6684b'
18:32:27.070 INFO - Launching a standalone Selenium Server
2020-01-29 18:32:27.189:INFO::main: Logging initialized @477ms to org.seleniumhq.jetty9.util.log.StdErrLog
18:32:27.256 INFO - Using `new FirefoxOptions()` is preferred to `DesiredCapabilities.firefox()`
18:32:27.279 INFO - Using `new ChromeOptions()` is preferred to `DesiredCapabilities.chrome()`
18:32:27.283 INFO - Using `new EdgeOptions()` is preferred to `DesiredCapabilities.edge()`
18:32:27.284 INFO - Driver class not found: com.opera.core.systems.OperaDriver
18:32:27.284 INFO - Using `new OperaOptions()` is preferred to `DesiredCapabilities.operaBlink()`
18:32:27.285 INFO - Using `new SafariOptions()` is preferred to `DesiredCapabilities.safari()`
18:32:27.287 INFO - Driver class not found: org.openqa.selenium.phantomjs.PhantomJSDriver
18:32:27.335 INFO - Driver provider class org.openqa.selenium.safari.SafariDriver registration is skipped:
 registration capabilities Capabilities {browserName: safari, platform: MAC, version: } does not match the current platform VISTA
18:32:27.416 INFO - Using `new ChromeOptions()` is preferred to `DesiredCapabilities.chrome()`
18:32:27.417 INFO - Using `new EdgeOptions()` is preferred to `DesiredCapabilities.edge()`
18:32:27.418 INFO - Using `new FirefoxOptions()` is preferred to `DesiredCapabilities.firefox()`
18:32:27.418 INFO - Using `new OperaOptions()` is preferred to `DesiredCapabilities.operaBlink()`
18:32:27.419 INFO - Using `new SafariOptions()` is preferred to `DesiredCapabilities.safari()`
18:32:27.434 INFO - Using the passthrough mode handler
2020-01-29 18:32:27.467:INFO:osjs.Server:main: jetty-9.4.7.v20170914
2020-01-29 18:32:27.502:WARN:osjs.SecurityHandler:main: ServletContext@o.s.j.s.ServletContextHandler@1b26f7b2{/,null,STARTING} has uncovered http methods for path: /
2020-01-29 18:32:27.507:INFO:osjsh.ContextHandler:main: Started o.s.j.s.ServletContextHandler@1b26f7b2{/,null,AVAILABLE}
2020-01-29 18:32:27.899:INFO:osjs.AbstractConnector:main: Started ServerConnector@df27fae{HTTP/1.1,[http/1.1]}{0.0.0.0:4444}
2020-01-29 18:32:27.900:INFO:osjs.Server:main: Started @1189ms
18:32:27.900 INFO - Selenium Server is up and running
2020-01-29 18:32:28.154:INFO:osjshC.ROOT:qtp692342133-12: org.openqa.selenium.remote.server.WebDriverServlet-3fd7a715: Initialising WebDriverServlet
18:32:28.224 INFO - Found handler: org.openqa.selenium.remote.server.commandhandler.Status@63988ee7
18:32:28.233 INFO - /status: Executing GET on /status (handler: Status)
18:32:31.137 INFO - Found handler: org.openqa.selenium.remote.server.commandhandler.BeginSession@58ae82ca
18:32:31.139 INFO - /session: Executing POST on /session (handler: BeginSession)
18:32:31.258 INFO - Capabilities are: Capabilities {browserName: chrome, chromeOptions: {prefs: {download.default_directory: D:\Assurant Demo\chromeDown..., download.directory_upgrade: true, download.extensions_to_open: , download.prompt_for_download: false}}, handlesAlerts: true, javascriptEnabled: true, locationContextEnabled: true, loggingPrefs: org.openqa.selenium.logging..., requestOrigins: {name: webdriverio, url: http://webdriver.io, version: 4.12.0}, rotatable: true}
18:32:31.261 INFO - Capabilities {browserName: chrome, chromeOptions: {prefs: {download.default_directory: D:\Assurant Demo\chromeDown..., download.directory_upgrade: true, download.extensions_to_open: , download.prompt_for_download: false}}, handlesAlerts: true, javascriptEnabled: true, locationContextEnabled: true, loggingPrefs: org.openqa.selenium.logging..., requestOrigins: {name: webdriverio, url: http://webdriver.io, version: 4.12.0}, rotatable: true} matched class org.openqa.selenium.remote.server.ServicedSession$Factory (provider: org.openqa.selenium.chrome.ChromeDriverService)
Starting ChromeDriver 2.37.544315 (730aa6a5fdba159ac9f4c1e8cbc59bf1b5ce12b7) on port 24859
Only local connections are allowed.
18:32:34.297 INFO - Detected dialect: OSS
18:32:36.151 INFO - Found handler: org.openqa.selenium.remote.server.ServicedSession@ab1f4c2
18:32:36.152 INFO - Handler thread for session 1a09b9b76909c0ba82ae27269a1bdec5 (chrome): Executing POST on /session/1a09b9b76909c0ba82ae27269a1bdec5/timeouts (handler: ServicedSession)
18:32:36.157 INFO - To upstream: {"type":"implicit","ms":5000}
18:32:36.164 INFO - To downstream: {"sessionId":"1a09b9b76909c0ba82ae27269a1bdec5","status":0,"value":null}
18:32:36.186 INFO - Found handler: org.openqa.selenium.remote.server.ServicedSession@ab1f4c2
18:32:36.186 INFO - Handler thread for session 1a09b9b76909c0ba82ae27269a1bdec5 (chrome): Executing POST on /session/1a09b9b76909c0ba82ae27269a1bdec5/url (handler: ServicedSession)
18:32:36.188 INFO - To upstream: {"url":"https://qa.mywirelessclaim.com/"}
18:32:44.470 INFO - To downstream: {"sessionId":"1a09b9b76909c0ba82ae27269a1bdec5","status":0,"value":null}
18:32:44.488 INFO - Found handler: org.openqa.selenium.remote.server.ServicedSession@ab1f4c2
18:32:44.488 INFO - Handler thread for session 1a09b9b76909c0ba82ae27269a1bdec5 (chrome): Executing POST on /session/1a09b9b76909c0ba82ae27269a1bdec5/url (handler: ServicedSession)
18:32:44.490 INFO - To upstream: {"url":"https://qa.mywirelessclaim.com/t-mobile"}
18:32:48.784 INFO - To downstream: {"sessionId":"1a09b9b76909c0ba82ae27269a1bdec5","status":0,"value":null}
18:32:48.796 INFO - Found handler: org.openqa.selenium.remote.server.ServicedSession@ab1f4c2
18:32:48.796 INFO - Handler thread for session 1a09b9b76909c0ba82ae27269a1bdec5 (chrome): Executing POST on /session/1a09b9b76909c0ba82ae27269a1bdec5/window/current/maximize (handler: ServicedSession)
18:32:48.798 INFO - To upstream: {}
18:32:49.980 INFO - To downstream: {"sessionId":"1a09b9b76909c0ba82ae27269a1bdec5","status":0,"value":null}
18:32:52.009 INFO - Found handler: org.openqa.selenium.remote.server.ServicedSession@ab1f4c2
18:32:52.010 INFO - Handler thread for session 1a09b9b76909c0ba82ae27269a1bdec5 (chrome): Executing GET on /session/1a09b9b76909c0ba82ae27269a1bdec5/url (handler: ServicedSession)
18:32:52.027 INFO - To downstream: {"sessionId":"1a09b9b76909c0ba82ae27269a1bdec5","status":0,"value":"https://qa.mywirelessclaim.com/t-mobile"}
18:32:52.040 INFO - Found handler: org.openqa.selenium.remote.server.ServicedSession@ab1f4c2
18:32:52.040 INFO - Handler thread for session 1a09b9b76909c0ba82ae27269a1bdec5 (chrome): Executing POST on /session/1a09b9b76909c0ba82ae27269a1bdec5/element (handler: ServicedSession)
18:32:52.042 INFO - To upstream: {"using":"id","value":"customerIdentifier"}
18:32:52.062 INFO - To downstream: {"sessionId":"1a09b9b76909c0ba82ae27269a1bdec5","status":0,"value":{"ELEMENT":"0.8958592914158676-1"}}
18:32:52.073 INFO - Found handler: org.openqa.selenium.remote.server.ServicedSession@ab1f4c2
18:32:52.073 INFO - Handler thread for session 1a09b9b76909c0ba82ae27269a1bdec5 (chrome): Executing POST on /session/1a09b9b76909c0ba82ae27269a1bdec5/element/0.8958592914158676-1/clear (handler: ServicedSession)
18:32:52.074 INFO - To upstream: {}
18:32:52.097 INFO - To downstream: {"sessionId":"1a09b9b76909c0ba82ae27269a1bdec5","status":0,"value":null}
18:32:52.103 INFO - Found handler: org.openqa.selenium.remote.server.ServicedSession@ab1f4c2
18:32:52.103 INFO - Handler thread for session 1a09b9b76909c0ba82ae27269a1bdec5 (chrome): Executing POST on /session/1a09b9b76909c0ba82ae27269a1bdec5/element/0.8958592914158676-1/value (handler: ServicedSession)
18:32:52.106 INFO - To upstream: {"value":["2","0","1","8","8","9","1","7","6","8"],"text":"2018891768"}
18:32:52.258 INFO - To downstream: {"sessionId":"1a09b9b76909c0ba82ae27269a1bdec5","status":0,"value":null}
18:32:52.266 INFO - Found handler: org.openqa.selenium.remote.server.ServicedSession@ab1f4c2
18:32:52.267 INFO - Handler thread for session 1a09b9b76909c0ba82ae27269a1bdec5 (chrome): Executing POST on /session/1a09b9b76909c0ba82ae27269a1bdec5/element (handler: ServicedSession)
18:32:52.269 INFO - To upstream: {"using":"xpath","value":"//iframe[contains(@src,\"recaptcha\") and @role]"}
18:32:52.286 INFO - To downstream: {"sessionId":"1a09b9b76909c0ba82ae27269a1bdec5","status":0,"value":{"ELEMENT":"0.8958592914158676-2"}}
18:32:52.293 INFO - Found handler: org.openqa.selenium.remote.server.ServicedSession@ab1f4c2
18:32:52.293 INFO - Handler thread for session 1a09b9b76909c0ba82ae27269a1bdec5 (chrome): Executing POST on /session/1a09b9b76909c0ba82ae27269a1bdec5/frame (handler: ServicedSession)
18:32:52.295 INFO - To upstream: {"id":{"ELEMENT":"0.8958592914158676-2","element-6066-11e4-a52e-4f735466cecf":"0.8958592914158676-2"}}
18:32:52.331 INFO - To downstream: {"sessionId":"1a09b9b76909c0ba82ae27269a1bdec5","status":0,"value":null}
18:32:52.337 INFO - Found handler: org.openqa.selenium.remote.server.ServicedSession@ab1f4c2
18:32:52.337 INFO - Handler thread for session 1a09b9b76909c0ba82ae27269a1bdec5 (chrome): Executing POST on /session/1a09b9b76909c0ba82ae27269a1bdec5/element (handler: ServicedSession)
18:32:52.339 INFO - To upstream: {"using":"id","value":"recaptcha-anchor"}
18:32:52.360 INFO - To downstream: {"sessionId":"1a09b9b76909c0ba82ae27269a1bdec5","status":0,"value":{"ELEMENT":"0.6058448220133343-1"}}
18:32:52.368 INFO - Found handler: org.openqa.selenium.remote.server.ServicedSession@ab1f4c2
18:32:52.369 INFO - Handler thread for session 1a09b9b76909c0ba82ae27269a1bdec5 (chrome): Executing POST on /session/1a09b9b76909c0ba82ae27269a1bdec5/element/0.6058448220133343-1/click (handler: ServicedSession)
18:32:52.370 INFO - To upstream: {}
18:32:52.491 INFO - To downstream: {"sessionId":"1a09b9b76909c0ba82ae27269a1bdec5","status":0,"value":null}
18:32:52.500 INFO - Found handler: org.openqa.selenium.remote.server.ServicedSession@ab1f4c2
18:32:52.500 INFO - Handler thread for session 1a09b9b76909c0ba82ae27269a1bdec5 (chrome): Executing POST on /session/1a09b9b76909c0ba82ae27269a1bdec5/frame/parent (handler: ServicedSession)
18:32:52.502 INFO - To upstream: {}
18:32:52.507 INFO - To downstream: {"sessionId":"1a09b9b76909c0ba82ae27269a1bdec5","status":0,"value":null}
18:32:55.524 INFO - Found handler: org.openqa.selenium.remote.server.ServicedSession@ab1f4c2
18:32:55.526 INFO - Handler thread for session 1a09b9b76909c0ba82ae27269a1bdec5 (chrome): Executing POST on /session/1a09b9b76909c0ba82ae27269a1bdec5/element (handler: ServicedSession)
18:32:55.529 INFO - To upstream: {"using":"id","value":"claimsSubmit1"}
18:32:55.567 INFO - To downstream: {"sessionId":"1a09b9b76909c0ba82ae27269a1bdec5","status":0,"value":{"ELEMENT":"0.8958592914158676-3"}}
18:32:55.577 INFO - Found handler: org.openqa.selenium.remote.server.ServicedSession@ab1f4c2
18:32:55.577 INFO - Handler thread for session 1a09b9b76909c0ba82ae27269a1bdec5 (chrome): Executing POST on /session/1a09b9b76909c0ba82ae27269a1bdec5/elements (handler: ServicedSession)
18:32:55.579 INFO - To upstream: {"using":"id","value":"claimsSubmit1"}
18:32:55.595 INFO - To downstream: {"sessionId":"1a09b9b76909c0ba82ae27269a1bdec5","status":0,"value":[{"ELEMENT":"0.8958592914158676-3"}]}
18:32:55.601 INFO - Found handler: org.openqa.selenium.remote.server.ServicedSession@ab1f4c2
18:32:55.601 INFO - Handler thread for session 1a09b9b76909c0ba82ae27269a1bdec5 (chrome): Executing GET on /session/1a09b9b76909c0ba82ae27269a1bdec5/element/0.8958592914158676-3/displayed (handler: ServicedSession)
18:32:55.618 INFO - To downstream: {"sessionId":"1a09b9b76909c0ba82ae27269a1bdec5","status":0,"value":true}
18:32:55.623 INFO - Found handler: org.openqa.selenium.remote.server.ServicedSession@ab1f4c2
18:32:55.624 INFO - Handler thread for session 1a09b9b76909c0ba82ae27269a1bdec5 (chrome): Executing POST on /session/1a09b9b76909c0ba82ae27269a1bdec5/element (handler: ServicedSession)
18:32:55.625 INFO - To upstream: {"using":"id","value":"claimsSubmit1"}
18:32:55.636 INFO - To downstream: {"sessionId":"1a09b9b76909c0ba82ae27269a1bdec5","status":0,"value":{"ELEMENT":"0.8958592914158676-3"}}
18:32:55.644 INFO - Found handler: org.openqa.selenium.remote.server.ServicedSession@ab1f4c2
18:32:55.644 INFO - Handler thread for session 1a09b9b76909c0ba82ae27269a1bdec5 (chrome): Executing POST on /session/1a09b9b76909c0ba82ae27269a1bdec5/element/0.8958592914158676-3/click (handler: ServicedSession)
18:32:55.645 INFO - To upstream: {}
18:32:55.844 INFO - To downstream: {"sessionId":"1a09b9b76909c0ba82ae27269a1bdec5","status":0,"value":null}
18:33:00.855 INFO - Found handler: org.openqa.selenium.remote.server.ServicedSession@ab1f4c2
18:33:00.856 INFO - Handler thread for session 1a09b9b76909c0ba82ae27269a1bdec5 (chrome): Executing POST on /session/1a09b9b76909c0ba82ae27269a1bdec5/element (handler: ServicedSession)
18:33:00.858 INFO - To upstream: {"using":"id","value":"emailAddress"}
18:33:00.881 INFO - To downstream: {"sessionId":"1a09b9b76909c0ba82ae27269a1bdec5","status":0,"value":{"ELEMENT":"0.8958592914158676-4"}}
18:33:00.901 INFO - Found handler: org.openqa.selenium.remote.server.ServicedSession@ab1f4c2
18:33:00.901 INFO - Handler thread for session 1a09b9b76909c0ba82ae27269a1bdec5 (chrome): Executing POST on /session/1a09b9b76909c0ba82ae27269a1bdec5/elements (handler: ServicedSession)
18:33:00.903 INFO - To upstream: {"using":"id","value":"emailAddress"}
18:33:00.920 INFO - To downstream: {"sessionId":"1a09b9b76909c0ba82ae27269a1bdec5","status":0,"value":[{"ELEMENT":"0.8958592914158676-4"}]}
18:33:00.925 INFO - Found handler: org.openqa.selenium.remote.server.ServicedSession@ab1f4c2
18:33:00.926 INFO - Handler thread for session 1a09b9b76909c0ba82ae27269a1bdec5 (chrome): Executing GET on /session/1a09b9b76909c0ba82ae27269a1bdec5/element/0.8958592914158676-4/displayed (handler: ServicedSession)
18:33:00.945 INFO - To downstream: {"sessionId":"1a09b9b76909c0ba82ae27269a1bdec5","status":0,"value":true}
18:33:00.950 INFO - Found handler: org.openqa.selenium.remote.server.ServicedSession@ab1f4c2
18:33:00.950 INFO - Handler thread for session 1a09b9b76909c0ba82ae27269a1bdec5 (chrome): Executing POST on /session/1a09b9b76909c0ba82ae27269a1bdec5/element (handler: ServicedSession)
18:33:00.952 INFO - To upstream: {"using":"id","value":"emailAddress"}
18:33:00.963 INFO - To downstream: {"sessionId":"1a09b9b76909c0ba82ae27269a1bdec5","status":0,"value":{"ELEMENT":"0.8958592914158676-4"}}
18:33:00.970 INFO - Found handler: org.openqa.selenium.remote.server.ServicedSession@ab1f4c2
18:33:00.970 INFO - Handler thread for session 1a09b9b76909c0ba82ae27269a1bdec5 (chrome): Executing POST on /session/1a09b9b76909c0ba82ae27269a1bdec5/element/0.8958592914158676-4/clear (handler: ServicedSession)
18:33:00.972 INFO - To upstream: {}
18:33:00.994 INFO - To downstream: {"sessionId":"1a09b9b76909c0ba82ae27269a1bdec5","status":0,"value":null}
18:33:01.001 INFO - Found handler: org.openqa.selenium.remote.server.ServicedSession@ab1f4c2
18:33:01.001 INFO - Handler thread for session 1a09b9b76909c0ba82ae27269a1bdec5 (chrome): Executing POST on /session/1a09b9b76909c0ba82ae27269a1bdec5/element/0.8958592914158676-4/value (handler: ServicedSession)
18:33:01.003 INFO - To upstream: {"value":["t","e","s","t","@","n","l","t","e","c","h","d","e","v",".","c","o","m"],"text":"test@nltechdev.com"}
18:33:01.172 INFO - To downstream: {"sessionId":"1a09b9b76909c0ba82ae27269a1bdec5","status":0,"value":null}
18:33:01.179 INFO - Found handler: org.openqa.selenium.remote.server.ServicedSession@ab1f4c2
18:33:01.180 INFO - Handler thread for session 1a09b9b76909c0ba82ae27269a1bdec5 (chrome): Executing POST on /session/1a09b9b76909c0ba82ae27269a1bdec5/element (handler: ServicedSession)
18:33:01.182 INFO - To upstream: {"using":"id","value":"claimsSubmit2"}
18:33:01.198 INFO - To downstream: {"sessionId":"1a09b9b76909c0ba82ae27269a1bdec5","status":0,"value":{"ELEMENT":"0.8958592914158676-5"}}
18:33:01.210 INFO - Found handler: org.openqa.selenium.remote.server.ServicedSession@ab1f4c2
18:33:01.210 INFO - Handler thread for session 1a09b9b76909c0ba82ae27269a1bdec5 (chrome): Executing POST on /session/1a09b9b76909c0ba82ae27269a1bdec5/element/0.8958592914158676-5/click (handler: ServicedSession)
18:33:01.212 INFO - To upstream: {}
18:33:01.328 INFO - To downstream: {"sessionId":"1a09b9b76909c0ba82ae27269a1bdec5","status":0,"value":null}
18:33:04.343 INFO - Found handler: org.openqa.selenium.remote.server.ServicedSession@ab1f4c2
18:33:04.344 INFO - Handler thread for session 1a09b9b76909c0ba82ae27269a1bdec5 (chrome): Executing POST on /session/1a09b9b76909c0ba82ae27269a1bdec5/element (handler: ServicedSession)
18:33:04.351 INFO - To upstream: {"using":"id","value":"authenticateViaCarrierNo"}
18:33:04.422 INFO - To downstream: {"sessionId":"1a09b9b76909c0ba82ae27269a1bdec5","status":0,"value":{"ELEMENT":"0.8958592914158676-6"}}
18:33:04.431 INFO - Found handler: org.openqa.selenium.remote.server.ServicedSession@ab1f4c2
18:33:04.431 INFO - Handler thread for session 1a09b9b76909c0ba82ae27269a1bdec5 (chrome): Executing POST on /session/1a09b9b76909c0ba82ae27269a1bdec5/elements (handler: ServicedSession)
18:33:04.433 INFO - To upstream: {"using":"id","value":"authenticateViaCarrierNo"}
18:33:04.458 INFO - To downstream: {"sessionId":"1a09b9b76909c0ba82ae27269a1bdec5","status":0,"value":[{"ELEMENT":"0.8958592914158676-6"}]}
18:33:04.464 INFO - Found handler: org.openqa.selenium.remote.server.ServicedSession@ab1f4c2
18:33:04.464 INFO - Handler thread for session 1a09b9b76909c0ba82ae27269a1bdec5 (chrome): Executing GET on /session/1a09b9b76909c0ba82ae27269a1bdec5/element/0.8958592914158676-6/displayed (handler: ServicedSession)
18:33:04.488 INFO - To downstream: {"sessionId":"1a09b9b76909c0ba82ae27269a1bdec5","status":0,"value":true}
18:33:04.497 INFO - Found handler: org.openqa.selenium.remote.server.ServicedSession@ab1f4c2
18:33:04.498 INFO - Handler thread for session 1a09b9b76909c0ba82ae27269a1bdec5 (chrome): Executing POST on /session/1a09b9b76909c0ba82ae27269a1bdec5/element (handler: ServicedSession)
18:33:04.500 INFO - To upstream: {"using":"id","value":"authenticateViaCarrierNo"}
18:33:04.513 INFO - To downstream: {"sessionId":"1a09b9b76909c0ba82ae27269a1bdec5","status":0,"value":{"ELEMENT":"0.8958592914158676-6"}}
18:33:04.521 INFO - Found handler: org.openqa.selenium.remote.server.ServicedSession@ab1f4c2
18:33:04.521 INFO - Handler thread for session 1a09b9b76909c0ba82ae27269a1bdec5 (chrome): Executing POST on /session/1a09b9b76909c0ba82ae27269a1bdec5/element/0.8958592914158676-6/click (handler: ServicedSession)
18:33:04.523 INFO - To upstream: {}
18:33:06.212 INFO - To downstream: {"sessionId":"1a09b9b76909c0ba82ae27269a1bdec5","status":0,"value":null}
18:33:12.256 INFO - Found handler: org.openqa.selenium.remote.server.ServicedSession@ab1f4c2
18:33:12.256 INFO - Handler thread for session 1a09b9b76909c0ba82ae27269a1bdec5 (chrome): Executing POST on /session/1a09b9b76909c0ba82ae27269a1bdec5/element (handler: ServicedSession)
18:33:12.258 INFO - To upstream: {"using":"id","value":"firstName"}
18:33:12.277 INFO - To downstream: {"sessionId":"1a09b9b76909c0ba82ae27269a1bdec5","status":0,"value":{"ELEMENT":"0.24196585908395396-1"}}
18:33:12.284 INFO - Found handler: org.openqa.selenium.remote.server.ServicedSession@ab1f4c2
18:33:12.285 INFO - Handler thread for session 1a09b9b76909c0ba82ae27269a1bdec5 (chrome): Executing POST on /session/1a09b9b76909c0ba82ae27269a1bdec5/elements (handler: ServicedSession)
18:33:12.286 INFO - To upstream: {"using":"id","value":"firstName"}
18:33:12.303 INFO - To downstream: {"sessionId":"1a09b9b76909c0ba82ae27269a1bdec5","status":0,"value":[{"ELEMENT":"0.24196585908395396-1"}]}
18:33:12.307 INFO - Found handler: org.openqa.selenium.remote.server.ServicedSession@ab1f4c2
18:33:12.308 INFO - Handler thread for session 1a09b9b76909c0ba82ae27269a1bdec5 (chrome): Executing GET on /session/1a09b9b76909c0ba82ae27269a1bdec5/element/0.24196585908395396-1/displayed (handler: ServicedSession)
18:33:12.326 INFO - To downstream: {"sessionId":"1a09b9b76909c0ba82ae27269a1bdec5","status":0,"value":true}
18:33:12.332 INFO - Found handler: org.openqa.selenium.remote.server.ServicedSession@ab1f4c2
18:33:12.333 INFO - Handler thread for session 1a09b9b76909c0ba82ae27269a1bdec5 (chrome): Executing POST on /session/1a09b9b76909c0ba82ae27269a1bdec5/element (handler: ServicedSession)
18:33:12.334 INFO - To upstream: {"using":"id","value":"firstName"}
18:33:12.350 INFO - To downstream: {"sessionId":"1a09b9b76909c0ba82ae27269a1bdec5","status":0,"value":{"ELEMENT":"0.24196585908395396-1"}}
18:33:12.358 INFO - Found handler: org.openqa.selenium.remote.server.ServicedSession@ab1f4c2
18:33:12.358 INFO - Handler thread for session 1a09b9b76909c0ba82ae27269a1bdec5 (chrome): Executing POST on /session/1a09b9b76909c0ba82ae27269a1bdec5/element/0.24196585908395396-1/clear (handler: ServicedSession)
18:33:12.361 INFO - To upstream: {}
18:33:12.387 INFO - To downstream: {"sessionId":"1a09b9b76909c0ba82ae27269a1bdec5","status":0,"value":null}
18:33:12.391 INFO - Found handler: org.openqa.selenium.remote.server.ServicedSession@ab1f4c2
18:33:12.393 INFO - Handler thread for session 1a09b9b76909c0ba82ae27269a1bdec5 (chrome): Executing POST on /session/1a09b9b76909c0ba82ae27269a1bdec5/element/0.24196585908395396-1/value (handler: ServicedSession)
18:33:12.421 INFO - To upstream: {"value":["T","e","s","t"],"text":"Test"}
18:33:12.543 INFO - To downstream: {"sessionId":"1a09b9b76909c0ba82ae27269a1bdec5","status":0,"value":null}
18:33:12.553 INFO - Found handler: org.openqa.selenium.remote.server.ServicedSession@ab1f4c2
18:33:12.553 INFO - Handler thread for session 1a09b9b76909c0ba82ae27269a1bdec5 (chrome): Executing POST on /session/1a09b9b76909c0ba82ae27269a1bdec5/element (handler: ServicedSession)
18:33:12.556 INFO - To upstream: {"using":"id","value":"lastName"}
18:33:12.572 INFO - To downstream: {"sessionId":"1a09b9b76909c0ba82ae27269a1bdec5","status":0,"value":{"ELEMENT":"0.24196585908395396-2"}}
18:33:12.582 INFO - Found handler: org.openqa.selenium.remote.server.ServicedSession@ab1f4c2
18:33:12.583 INFO - Handler thread for session 1a09b9b76909c0ba82ae27269a1bdec5 (chrome): Executing POST on /session/1a09b9b76909c0ba82ae27269a1bdec5/element/0.24196585908395396-2/clear (handler: ServicedSession)
18:33:12.584 INFO - To upstream: {}
18:33:12.611 INFO - To downstream: {"sessionId":"1a09b9b76909c0ba82ae27269a1bdec5","status":0,"value":null}
18:33:12.617 INFO - Found handler: org.openqa.selenium.remote.server.ServicedSession@ab1f4c2
18:33:12.617 INFO - Handler thread for session 1a09b9b76909c0ba82ae27269a1bdec5 (chrome): Executing POST on /session/1a09b9b76909c0ba82ae27269a1bdec5/element/0.24196585908395396-2/value (handler: ServicedSession)
18:33:12.619 INFO - To upstream: {"value":["A","u","t","o","m","a","t","i","o","n"],"text":"Automation"}
18:33:12.763 INFO - To downstream: {"sessionId":"1a09b9b76909c0ba82ae27269a1bdec5","status":0,"value":null}
18:33:12.770 INFO - Found handler: org.openqa.selenium.remote.server.ServicedSession@ab1f4c2
18:33:12.770 INFO - Handler thread for session 1a09b9b76909c0ba82ae27269a1bdec5 (chrome): Executing POST on /session/1a09b9b76909c0ba82ae27269a1bdec5/element (handler: ServicedSession)
18:33:12.772 INFO - To upstream: {"using":"id","value":"emailAddress"}
18:33:12.782 INFO - To downstream: {"sessionId":"1a09b9b76909c0ba82ae27269a1bdec5","status":0,"value":{"ELEMENT":"0.24196585908395396-3"}}
18:33:12.793 INFO - Found handler: org.openqa.selenium.remote.server.ServicedSession@ab1f4c2
18:33:12.793 INFO - Handler thread for session 1a09b9b76909c0ba82ae27269a1bdec5 (chrome): Executing POST on /session/1a09b9b76909c0ba82ae27269a1bdec5/element/0.24196585908395396-3/clear (handler: ServicedSession)
18:33:12.795 INFO - To upstream: {}
18:33:12.822 INFO - To downstream: {"sessionId":"1a09b9b76909c0ba82ae27269a1bdec5","status":0,"value":null}
18:33:12.827 INFO - Found handler: org.openqa.selenium.remote.server.ServicedSession@ab1f4c2
18:33:12.827 INFO - Handler thread for session 1a09b9b76909c0ba82ae27269a1bdec5 (chrome): Executing POST on /session/1a09b9b76909c0ba82ae27269a1bdec5/element/0.24196585908395396-3/value (handler: ServicedSession)
18:33:12.829 INFO - To upstream: {"value":["t","e","s","t","@","n","l","t","e","c","h","d","e","v",".","c","o","m"],"text":"test@nltechdev.com"}
18:33:13.071 INFO - To downstream: {"sessionId":"1a09b9b76909c0ba82ae27269a1bdec5","status":0,"value":null}
18:33:13.079 INFO - Found handler: org.openqa.selenium.remote.server.ServicedSession@ab1f4c2
18:33:13.080 INFO - Handler thread for session 1a09b9b76909c0ba82ae27269a1bdec5 (chrome): Executing POST on /session/1a09b9b76909c0ba82ae27269a1bdec5/element (handler: ServicedSession)
18:33:13.081 INFO - To upstream: {"using":"id","value":"confirmEmailAddress"}
18:33:13.098 INFO - To downstream: {"sessionId":"1a09b9b76909c0ba82ae27269a1bdec5","status":0,"value":{"ELEMENT":"0.24196585908395396-4"}}
18:33:13.108 INFO - Found handler: org.openqa.selenium.remote.server.ServicedSession@ab1f4c2
18:33:13.108 INFO - Handler thread for session 1a09b9b76909c0ba82ae27269a1bdec5 (chrome): Executing POST on /session/1a09b9b76909c0ba82ae27269a1bdec5/element/0.24196585908395396-4/clear (handler: ServicedSession)
18:33:13.110 INFO - To upstream: {}
18:33:13.137 INFO - To downstream: {"sessionId":"1a09b9b76909c0ba82ae27269a1bdec5","status":0,"value":null}
18:33:13.143 INFO - Found handler: org.openqa.selenium.remote.server.ServicedSession@ab1f4c2
18:33:13.144 INFO - Handler thread for session 1a09b9b76909c0ba82ae27269a1bdec5 (chrome): Executing POST on /session/1a09b9b76909c0ba82ae27269a1bdec5/element/0.24196585908395396-4/value (handler: ServicedSession)
18:33:13.146 INFO - To upstream: {"value":["t","e","s","t","@","n","l","t","e","c","h","d","e","v",".","c","o","m"],"text":"test@nltechdev.com"}
18:33:13.367 INFO - To downstream: {"sessionId":"1a09b9b76909c0ba82ae27269a1bdec5","status":0,"value":null}
18:33:13.374 INFO - Found handler: org.openqa.selenium.remote.server.ServicedSession@ab1f4c2
18:33:13.374 INFO - Handler thread for session 1a09b9b76909c0ba82ae27269a1bdec5 (chrome): Executing POST on /session/1a09b9b76909c0ba82ae27269a1bdec5/element (handler: ServicedSession)
18:33:13.376 INFO - To upstream: {"using":"id","value":"nameListedOnAccount"}
18:33:13.392 INFO - To downstream: {"sessionId":"1a09b9b76909c0ba82ae27269a1bdec5","status":0,"value":{"ELEMENT":"0.24196585908395396-5"}}
18:33:13.401 INFO - Found handler: org.openqa.selenium.remote.server.ServicedSession@ab1f4c2
18:33:13.401 INFO - Handler thread for session 1a09b9b76909c0ba82ae27269a1bdec5 (chrome): Executing POST on /session/1a09b9b76909c0ba82ae27269a1bdec5/element/0.24196585908395396-5/clear (handler: ServicedSession)
18:33:13.403 INFO - To upstream: {}
18:33:13.433 INFO - To downstream: {"sessionId":"1a09b9b76909c0ba82ae27269a1bdec5","status":0,"value":null}
18:33:13.439 INFO - Found handler: org.openqa.selenium.remote.server.ServicedSession@ab1f4c2
18:33:13.439 INFO - Handler thread for session 1a09b9b76909c0ba82ae27269a1bdec5 (chrome): Executing POST on /session/1a09b9b76909c0ba82ae27269a1bdec5/element/0.24196585908395396-5/value (handler: ServicedSession)
18:33:13.441 INFO - To upstream: {"value":["B","h","a","r","a","n","i","d","h","a","r","a","n"," ","M","u","r","u","g","e","s","a","n"],"text":"Bharanidharan Murugesan"}
18:33:13.757 INFO - To downstream: {"sessionId":"1a09b9b76909c0ba82ae27269a1bdec5","status":0,"value":null}
18:33:13.765 INFO - Found handler: org.openqa.selenium.remote.server.ServicedSession@ab1f4c2
18:33:13.765 INFO - Handler thread for session 1a09b9b76909c0ba82ae27269a1bdec5 (chrome): Executing POST on /session/1a09b9b76909c0ba82ae27269a1bdec5/element (handler: ServicedSession)
18:33:13.767 INFO - To upstream: {"using":"id","value":"billingAddress"}
18:33:13.784 INFO - To downstream: {"sessionId":"1a09b9b76909c0ba82ae27269a1bdec5","status":0,"value":{"ELEMENT":"0.24196585908395396-6"}}
18:33:13.793 INFO - Found handler: org.openqa.selenium.remote.server.ServicedSession@ab1f4c2
18:33:13.793 INFO - Handler thread for session 1a09b9b76909c0ba82ae27269a1bdec5 (chrome): Executing POST on /session/1a09b9b76909c0ba82ae27269a1bdec5/element/0.24196585908395396-6/clear (handler: ServicedSession)
18:33:13.795 INFO - To upstream: {}
18:33:13.822 INFO - To downstream: {"sessionId":"1a09b9b76909c0ba82ae27269a1bdec5","status":0,"value":null}
18:33:13.827 INFO - Found handler: org.openqa.selenium.remote.server.ServicedSession@ab1f4c2
18:33:13.828 INFO - Handler thread for session 1a09b9b76909c0ba82ae27269a1bdec5 (chrome): Executing POST on /session/1a09b9b76909c0ba82ae27269a1bdec5/element/0.24196585908395396-6/value (handler: ServicedSession)
18:33:13.829 INFO - To upstream: {"value":["2","6",","," ","A","n","n","a"," ","S","t","r","e","e","t"],"text":"26, Anna Street"}
18:33:14.016 INFO - To downstream: {"sessionId":"1a09b9b76909c0ba82ae27269a1bdec5","status":0,"value":null}
18:33:14.024 INFO - Found handler: org.openqa.selenium.remote.server.ServicedSession@ab1f4c2
18:33:14.024 INFO - Handler thread for session 1a09b9b76909c0ba82ae27269a1bdec5 (chrome): Executing POST on /session/1a09b9b76909c0ba82ae27269a1bdec5/element (handler: ServicedSession)
18:33:14.026 INFO - To upstream: {"using":"id","value":"billingPostalCode"}
18:33:14.043 INFO - To downstream: {"sessionId":"1a09b9b76909c0ba82ae27269a1bdec5","status":0,"value":{"ELEMENT":"0.24196585908395396-7"}}
18:33:14.050 INFO - Found handler: org.openqa.selenium.remote.server.ServicedSession@ab1f4c2
18:33:14.050 INFO - Handler thread for session 1a09b9b76909c0ba82ae27269a1bdec5 (chrome): Executing POST on /session/1a09b9b76909c0ba82ae27269a1bdec5/element/0.24196585908395396-7/clear (handler: ServicedSession)
18:33:14.052 INFO - To upstream: {}
18:33:14.079 INFO - To downstream: {"sessionId":"1a09b9b76909c0ba82ae27269a1bdec5","status":0,"value":null}
18:33:14.083 INFO - Found handler: org.openqa.selenium.remote.server.ServicedSession@ab1f4c2
18:33:14.083 INFO - Handler thread for session 1a09b9b76909c0ba82ae27269a1bdec5 (chrome): Executing POST on /session/1a09b9b76909c0ba82ae27269a1bdec5/element/0.24196585908395396-7/value (handler: ServicedSession)
18:33:14.085 INFO - To upstream: {"value":["8","5","0","0","1"],"text":"85001"}
18:33:14.167 INFO - To downstream: {"sessionId":"1a09b9b76909c0ba82ae27269a1bdec5","status":0,"value":null}
18:33:18.181 INFO - Found handler: org.openqa.selenium.remote.server.ServicedSession@ab1f4c2
18:33:18.182 INFO - Handler thread for session 1a09b9b76909c0ba82ae27269a1bdec5 (chrome): Executing POST on /session/1a09b9b76909c0ba82ae27269a1bdec5/element (handler: ServicedSession)
18:33:18.190 INFO - To upstream: {"using":"id","value":"contactNumber"}
18:33:18.218 INFO - To downstream: {"sessionId":"1a09b9b76909c0ba82ae27269a1bdec5","status":0,"value":{"ELEMENT":"0.24196585908395396-8"}}
18:33:18.227 INFO - Found handler: org.openqa.selenium.remote.server.ServicedSession@ab1f4c2
18:33:18.227 INFO - Handler thread for session 1a09b9b76909c0ba82ae27269a1bdec5 (chrome): Executing POST on /session/1a09b9b76909c0ba82ae27269a1bdec5/element/0.24196585908395396-8/clear (handler: ServicedSession)
18:33:18.228 INFO - To upstream: {}
18:33:18.287 INFO - To downstream: {"sessionId":"1a09b9b76909c0ba82ae27269a1bdec5","status":0,"value":null}
18:33:18.293 INFO - Found handler: org.openqa.selenium.remote.server.ServicedSession@ab1f4c2
18:33:18.294 INFO - Handler thread for session 1a09b9b76909c0ba82ae27269a1bdec5 (chrome): Executing POST on /session/1a09b9b76909c0ba82ae27269a1bdec5/element/0.24196585908395396-8/value (handler: ServicedSession)
18:33:18.296 INFO - To upstream: {"value":["1","2","3","1","2","3","1","2","3","1"],"text":"1231231231"}
18:33:18.449 INFO - To downstream: {"sessionId":"1a09b9b76909c0ba82ae27269a1bdec5","status":0,"value":null}
18:33:18.458 INFO - Found handler: org.openqa.selenium.remote.server.ServicedSession@ab1f4c2
18:33:18.458 INFO - Handler thread for session 1a09b9b76909c0ba82ae27269a1bdec5 (chrome): Executing POST on /session/1a09b9b76909c0ba82ae27269a1bdec5/element (handler: ServicedSession)
18:33:18.460 INFO - To upstream: {"using":"id","value":"authorizedContact"}
18:33:18.478 INFO - To downstream: {"sessionId":"1a09b9b76909c0ba82ae27269a1bdec5","status":0,"value":{"ELEMENT":"0.24196585908395396-9"}}
18:33:18.490 INFO - Found handler: org.openqa.selenium.remote.server.ServicedSession@ab1f4c2
18:33:18.490 INFO - Handler thread for session 1a09b9b76909c0ba82ae27269a1bdec5 (chrome): Executing POST on /session/1a09b9b76909c0ba82ae27269a1bdec5/element/0.24196585908395396-9/element (handler: ServicedSession)
18:33:18.492 INFO - To upstream: {"using":"xpath","value":"./option[normalize-space(translate(., ' ', '')) = \"Yes\"]|./optgroup/option[normalize-space(translate(., ' ', '')) = \"Yes\"]"}
18:33:18.512 INFO - To downstream: {"sessionId":"1a09b9b76909c0ba82ae27269a1bdec5","status":0,"value":{"ELEMENT":"0.24196585908395396-10"}}
18:33:18.519 INFO - Found handler: org.openqa.selenium.remote.server.ServicedSession@ab1f4c2
18:33:18.519 INFO - Handler thread for session 1a09b9b76909c0ba82ae27269a1bdec5 (chrome): Executing POST on /session/1a09b9b76909c0ba82ae27269a1bdec5/element/0.24196585908395396-10/click (handler: ServicedSession)
18:33:18.521 INFO - To upstream: {}
18:33:18.623 INFO - To downstream: {"sessionId":"1a09b9b76909c0ba82ae27269a1bdec5","status":0,"value":null}
18:33:22.635 INFO - Found handler: org.openqa.selenium.remote.server.ServicedSession@ab1f4c2
18:33:22.635 INFO - Handler thread for session 1a09b9b76909c0ba82ae27269a1bdec5 (chrome): Executing POST on /session/1a09b9b76909c0ba82ae27269a1bdec5/execute (handler: ServicedSession)
18:33:22.637 INFO - To upstream: {"script":"document.getElementById(\"dateOfBirth\").setAttribute(\"value\",\"10/10/1990\")","args":[]}
18:33:22.648 INFO - To downstream: {"sessionId":"1a09b9b76909c0ba82ae27269a1bdec5","status":0,"value":null}
18:33:22.658 INFO - Found handler: org.openqa.selenium.remote.server.ServicedSession@ab1f4c2
18:33:22.659 INFO - Handler thread for session 1a09b9b76909c0ba82ae27269a1bdec5 (chrome): Executing POST on /session/1a09b9b76909c0ba82ae27269a1bdec5/element (handler: ServicedSession)
18:33:22.661 INFO - To upstream: {"using":"id","value":"question0"}
18:33:22.710 INFO - To downstream: {"sessionId":"1a09b9b76909c0ba82ae27269a1bdec5","status":0,"value":{"ELEMENT":"0.24196585908395396-11"}}
18:33:22.721 INFO - Found handler: org.openqa.selenium.remote.server.ServicedSession@ab1f4c2
18:33:22.721 INFO - Handler thread for session 1a09b9b76909c0ba82ae27269a1bdec5 (chrome): Executing POST on /session/1a09b9b76909c0ba82ae27269a1bdec5/elements (handler: ServicedSession)
18:33:22.723 INFO - To upstream: {"using":"id","value":"question0"}
18:33:22.746 INFO - To downstream: {"sessionId":"1a09b9b76909c0ba82ae27269a1bdec5","status":0,"value":[{"ELEMENT":"0.24196585908395396-11"}]}
18:33:22.754 INFO - Found handler: org.openqa.selenium.remote.server.ServicedSession@ab1f4c2
18:33:22.755 INFO - Handler thread for session 1a09b9b76909c0ba82ae27269a1bdec5 (chrome): Executing GET on /session/1a09b9b76909c0ba82ae27269a1bdec5/element/0.24196585908395396-11/displayed (handler: ServicedSession)
18:33:22.773 INFO - To downstream: {"sessionId":"1a09b9b76909c0ba82ae27269a1bdec5","status":0,"value":true}
18:33:22.778 INFO - Found handler: org.openqa.selenium.remote.server.ServicedSession@ab1f4c2
18:33:22.778 INFO - Handler thread for session 1a09b9b76909c0ba82ae27269a1bdec5 (chrome): Executing POST on /session/1a09b9b76909c0ba82ae27269a1bdec5/element (handler: ServicedSession)
18:33:22.779 INFO - To upstream: {"using":"id","value":"question0"}
18:33:22.790 INFO - To downstream: {"sessionId":"1a09b9b76909c0ba82ae27269a1bdec5","status":0,"value":{"ELEMENT":"0.24196585908395396-11"}}
18:33:22.801 INFO - Found handler: org.openqa.selenium.remote.server.ServicedSession@ab1f4c2
18:33:22.802 INFO - Handler thread for session 1a09b9b76909c0ba82ae27269a1bdec5 (chrome): Executing POST on /session/1a09b9b76909c0ba82ae27269a1bdec5/element/0.24196585908395396-11/clear (handler: ServicedSession)
18:33:22.803 INFO - To upstream: {}
18:33:22.830 INFO - To downstream: {"sessionId":"1a09b9b76909c0ba82ae27269a1bdec5","status":0,"value":null}
18:33:22.836 INFO - Found handler: org.openqa.selenium.remote.server.ServicedSession@ab1f4c2
18:33:22.836 INFO - Handler thread for session 1a09b9b76909c0ba82ae27269a1bdec5 (chrome): Executing POST on /session/1a09b9b76909c0ba82ae27269a1bdec5/element/0.24196585908395396-11/value (handler: ServicedSession)
18:33:22.841 INFO - To upstream: {"value":["1","2","3","4"],"text":"1234"}
18:33:22.930 INFO - To downstream: {"sessionId":"1a09b9b76909c0ba82ae27269a1bdec5","status":0,"value":null}
18:33:22.937 INFO - Found handler: org.openqa.selenium.remote.server.ServicedSession@ab1f4c2
18:33:22.937 INFO - Handler thread for session 1a09b9b76909c0ba82ae27269a1bdec5 (chrome): Executing POST on /session/1a09b9b76909c0ba82ae27269a1bdec5/element (handler: ServicedSession)
18:33:22.939 INFO - To upstream: {"using":"xpath","value":"//a[text()=\"Exit and Continue Later\"]"}
18:33:22.959 INFO - To downstream: {"sessionId":"1a09b9b76909c0ba82ae27269a1bdec5","status":0,"value":{"ELEMENT":"0.24196585908395396-12"}}
18:33:22.969 INFO - Found handler: org.openqa.selenium.remote.server.ServicedSession@ab1f4c2
18:33:22.969 INFO - Handler thread for session 1a09b9b76909c0ba82ae27269a1bdec5 (chrome): Executing POST on /session/1a09b9b76909c0ba82ae27269a1bdec5/elements (handler: ServicedSession)
18:33:22.971 INFO - To upstream: {"using":"xpath","value":"//a[text()=\"Exit and Continue Later\"]"}
18:33:22.989 INFO - To downstream: {"sessionId":"1a09b9b76909c0ba82ae27269a1bdec5","status":0,"value":[{"ELEMENT":"0.24196585908395396-12"},{"ELEMENT":"0.24196585908395396-13"},{"ELEMENT":"0.24196585908395396-14"},{"ELEMENT":"0.24196585908395396-15"},{"ELEMENT":"0.24196585908395396-16"},{"ELEMENT":"0.24196585908395396-17"},{"ELEMENT":"0.24196585908395396-18"},{"ELEMENT":"0.24196585908395396-19"},{"ELEMENT":"0.24196585908395396-20"}]}
18:33:23.006 INFO - Found handler: org.openqa.selenium.remote.server.ServicedSession@ab1f4c2
18:33:23.006 INFO - Handler thread for session 1a09b9b76909c0ba82ae27269a1bdec5 (chrome): Executing GET on /session/1a09b9b76909c0ba82ae27269a1bdec5/element/0.24196585908395396-12/displayed (handler: ServicedSession)
18:33:23.016 INFO - Found handler: org.openqa.selenium.remote.server.ServicedSession@ab1f4c2
18:33:23.018 INFO - Found handler: org.openqa.selenium.remote.server.ServicedSession@ab1f4c2
18:33:23.021 INFO - Handler thread for session 1a09b9b76909c0ba82ae27269a1bdec5 (chrome): Executing GET on /session/1a09b9b76909c0ba82ae27269a1bdec5/element/0.24196585908395396-16/displayed (handler: ServicedSession)
18:33:23.024 INFO - Handler thread for session 1a09b9b76909c0ba82ae27269a1bdec5 (chrome): Executing GET on /session/1a09b9b76909c0ba82ae27269a1bdec5/element/0.24196585908395396-20/displayed (handler: ServicedSession)
18:33:23.028 INFO - Found handler: org.openqa.selenium.remote.server.ServicedSession@ab1f4c2
18:33:23.030 INFO - Found handler: org.openqa.selenium.remote.server.ServicedSession@ab1f4c2
18:33:23.035 INFO - Handler thread for session 1a09b9b76909c0ba82ae27269a1bdec5 (chrome): Executing GET on /session/1a09b9b76909c0ba82ae27269a1bdec5/element/0.24196585908395396-14/displayed (handler: ServicedSession)
18:33:23.036 INFO - Handler thread for session 1a09b9b76909c0ba82ae27269a1bdec5 (chrome): Executing GET on /session/1a09b9b76909c0ba82ae27269a1bdec5/element/0.24196585908395396-13/displayed (handler: ServicedSession)
18:33:23.036 INFO - To downstream: {"sessionId":"1a09b9b76909c0ba82ae27269a1bdec5","status":0,"value":true}
18:33:23.045 INFO - Found handler: org.openqa.selenium.remote.server.ServicedSession@ab1f4c2
18:33:23.046 INFO - Handler thread for session 1a09b9b76909c0ba82ae27269a1bdec5 (chrome): Executing GET on /session/1a09b9b76909c0ba82ae27269a1bdec5/element/0.24196585908395396-15/displayed (handler: ServicedSession)
18:33:23.046 INFO - Found handler: org.openqa.selenium.remote.server.ServicedSession@ab1f4c2
18:33:23.049 INFO - Found handler: org.openqa.selenium.remote.server.ServicedSession@ab1f4c2
18:33:23.053 INFO - Handler thread for session 1a09b9b76909c0ba82ae27269a1bdec5 (chrome): Executing GET on /session/1a09b9b76909c0ba82ae27269a1bdec5/element/0.24196585908395396-18/displayed (handler: ServicedSession)
18:33:23.054 INFO - Found handler: org.openqa.selenium.remote.server.ServicedSession@ab1f4c2
18:33:23.057 INFO - Handler thread for session 1a09b9b76909c0ba82ae27269a1bdec5 (chrome): Executing GET on /session/1a09b9b76909c0ba82ae27269a1bdec5/element/0.24196585908395396-17/displayed (handler: ServicedSession)
18:33:23.058 INFO - Handler thread for session 1a09b9b76909c0ba82ae27269a1bdec5 (chrome): Executing GET on /session/1a09b9b76909c0ba82ae27269a1bdec5/element/0.24196585908395396-19/displayed (handler: ServicedSession)
18:33:23.062 INFO - To downstream: {"sessionId":"1a09b9b76909c0ba82ae27269a1bdec5","status":0,"value":false}
18:33:23.076 INFO - To downstream: {"sessionId":"1a09b9b76909c0ba82ae27269a1bdec5","status":0,"value":false}
18:33:23.091 INFO - To downstream: {"sessionId":"1a09b9b76909c0ba82ae27269a1bdec5","status":0,"value":false}
18:33:23.105 INFO - To downstream: {"sessionId":"1a09b9b76909c0ba82ae27269a1bdec5","status":0,"value":false}
18:33:23.119 INFO - To downstream: {"sessionId":"1a09b9b76909c0ba82ae27269a1bdec5","status":0,"value":false}
18:33:23.135 INFO - To downstream: {"sessionId":"1a09b9b76909c0ba82ae27269a1bdec5","status":0,"value":false}
18:33:23.583 INFO - To downstream: {"sessionId":"1a09b9b76909c0ba82ae27269a1bdec5","status":0,"value":false}
18:33:23.603 INFO - To downstream: {"sessionId":"1a09b9b76909c0ba82ae27269a1bdec5","status":0,"value":false}
18:33:23.608 INFO - Found handler: org.openqa.selenium.remote.server.ServicedSession@ab1f4c2
18:33:23.609 INFO - Handler thread for session 1a09b9b76909c0ba82ae27269a1bdec5 (chrome): Executing POST on /session/1a09b9b76909c0ba82ae27269a1bdec5/element (handler: ServicedSession)
18:33:23.612 INFO - To upstream: {"using":"xpath","value":"//a[text()=\"Exit and Continue Later\"]"}
18:33:23.625 INFO - To downstream: {"sessionId":"1a09b9b76909c0ba82ae27269a1bdec5","status":0,"value":{"ELEMENT":"0.24196585908395396-12"}}
18:33:23.633 INFO - Found handler: org.openqa.selenium.remote.server.ServicedSession@ab1f4c2
18:33:23.633 INFO - Handler thread for session 1a09b9b76909c0ba82ae27269a1bdec5 (chrome): Executing POST on /session/1a09b9b76909c0ba82ae27269a1bdec5/element/0.24196585908395396-12/click (handler: ServicedSession)
18:33:23.634 INFO - To upstream: {}
18:33:23.781 INFO - To downstream: {"sessionId":"1a09b9b76909c0ba82ae27269a1bdec5","status":0,"value":null}
18:33:30.929 INFO - Found handler: org.openqa.selenium.remote.server.ServicedSession@ab1f4c2
18:33:30.929 INFO - Handler thread for session 1a09b9b76909c0ba82ae27269a1bdec5 (chrome): Executing DELETE on /session/1a09b9b76909c0ba82ae27269a1bdec5 (handler: ServicedSession)
18:33:31.115 INFO - To downstream: {"sessionId":"1a09b9b76909c0ba82ae27269a1bdec5","status":0,"value":null}
18:33:31.121 INFO - Removing session org.openqa.selenium.remote.server.ServicedSession@ab1f4c2
18:33:31.301 INFO - To downstream: {"sessionId":"","status":0,"value":null}
